{"level":"info","message":"Connected to BBDD!","timestamp":"2024-10-05T17:17:22.007Z"}
{"level":"info","message":"The server is running on http://localhost:3005","timestamp":"2024-10-05T17:17:22.016Z"}
{"level":"info","message":"Connected to BBDD!","timestamp":"2024-10-05T17:20:02.354Z"}
{"level":"info","message":"The server is running on http://localhost:3005","timestamp":"2024-10-05T17:20:02.362Z"}
{"level":"error","message":"Error: Validation error\n    at createUser (file:///C:/Users/carlo/OneDrive/code/2024/NodeJS/Back-end-SISINVESTIGA-/controllers/userController.js:10:13)\n    at Layer.handle [as handle_request] (C:\\Users\\carlo\\OneDrive\\code\\2024\\NodeJS\\Back-end-SISINVESTIGA-\\node_modules\\express\\lib\\router\\layer.js:95:5)\n    at next (C:\\Users\\carlo\\OneDrive\\code\\2024\\NodeJS\\Back-end-SISINVESTIGA-\\node_modules\\express\\lib\\router\\route.js:149:13)\n    at middleware (C:\\Users\\carlo\\OneDrive\\code\\2024\\NodeJS\\Back-end-SISINVESTIGA-\\node_modules\\express-validator\\lib\\middlewares\\check.js:16:13)\n    at process.processTicksAndRejections (node:internal/process/task_queues:95:5)","timestamp":"2024-10-05T17:20:21.636Z"}
{"level":"error","message":"Error: Validation error\n    at createUser (file:///C:/Users/carlo/OneDrive/code/2024/NodeJS/Back-end-SISINVESTIGA-/controllers/userController.js:10:13)\n    at Layer.handle [as handle_request] (C:\\Users\\carlo\\OneDrive\\code\\2024\\NodeJS\\Back-end-SISINVESTIGA-\\node_modules\\express\\lib\\router\\layer.js:95:5)\n    at next (C:\\Users\\carlo\\OneDrive\\code\\2024\\NodeJS\\Back-end-SISINVESTIGA-\\node_modules\\express\\lib\\router\\route.js:149:13)\n    at middleware (C:\\Users\\carlo\\OneDrive\\code\\2024\\NodeJS\\Back-end-SISINVESTIGA-\\node_modules\\express-validator\\lib\\middlewares\\check.js:16:13)\n    at process.processTicksAndRejections (node:internal/process/task_queues:95:5)","timestamp":"2024-10-05T17:21:39.157Z"}
{"level":"info","message":"Connected to BBDD!","timestamp":"2024-10-05T17:25:45.936Z"}
{"level":"info","message":"The server is running on http://localhost:3005","timestamp":"2024-10-05T17:25:45.944Z"}
{"errors":["La contraseña debe tener al menos 8 caracteres","La contraseña debe contener al menos una letra mayúscula, una minúscula, un número y un carácter especial","Las responsabilidades deben ser un array"],"isOperational":true,"level":"error","status":"fail","statusCode":400,"timestamp":"2024-10-05T17:25:50.780Z"}
{"errors":["La contraseña debe tener al menos 8 caracteres","La contraseña debe contener al menos una letra mayúscula, una minúscula, un número y un carácter especial"],"isOperational":true,"level":"error","status":"fail","statusCode":400,"timestamp":"2024-10-05T17:26:04.176Z"}
{"errors":["La contraseña debe contener al menos una letra mayúscula, una minúscula, un número y un carácter especial"],"isOperational":true,"level":"error","status":"fail","statusCode":400,"timestamp":"2024-10-05T17:26:11.724Z"}
{"isOperational":true,"level":"error","status":"fail","statusCode":401,"timestamp":"2024-10-05T17:26:43.300Z"}
{"isOperational":true,"level":"error","status":"fail","statusCode":403,"timestamp":"2024-10-05T17:27:43.045Z"}
{"isOperational":true,"level":"error","status":"fail","statusCode":409,"timestamp":"2024-10-05T17:28:03.011Z"}
{"isOperational":true,"level":"error","status":"fail","statusCode":401,"timestamp":"2024-10-05T17:28:20.881Z"}
{"level":"error","message":"invalid signature","name":"JsonWebTokenError","timestamp":"2024-10-05T17:28:37.794Z"}
{"level":"error","message":"invalid signature","name":"JsonWebTokenError","timestamp":"2024-10-05T17:28:48.744Z"}
{"isOperational":true,"level":"error","status":"fail","statusCode":404,"timestamp":"2024-10-05T17:30:43.407Z"}
{"errors":[],"isOperational":true,"level":"error","status":"fail","statusCode":400,"timestamp":"2024-10-05T17:30:48.422Z"}
{"errors":[],"isOperational":true,"level":"error","status":"fail","statusCode":400,"timestamp":"2024-10-05T17:30:54.966Z"}
{"isOperational":true,"level":"error","status":"fail","statusCode":401,"timestamp":"2024-10-05T17:45:49.809Z"}
{"isOperational":true,"level":"error","status":"fail","statusCode":401,"timestamp":"2024-10-05T17:46:08.038Z"}
{"level":"info","message":"Connected to BBDD!","timestamp":"2024-10-05T17:51:42.405Z"}
{"level":"info","message":"The server is running on http://localhost:3005","timestamp":"2024-10-05T17:51:42.523Z"}
{"level":"info","message":"Connected to BBDD!","timestamp":"2024-10-05T17:54:05.528Z"}
{"level":"info","message":"The server is running on http://localhost:3005","timestamp":"2024-10-05T17:54:05.538Z"}
{"level":"info","message":"Connected to BBDD!","timestamp":"2024-10-05T17:56:11.864Z"}
{"level":"info","message":"The server is running on http://localhost:3005","timestamp":"2024-10-05T17:56:11.872Z"}
{"level":"info","message":"Connected to BBDD!","timestamp":"2024-10-05T17:56:59.088Z"}
{"level":"info","message":"The server is running on http://localhost:3005","timestamp":"2024-10-05T17:56:59.098Z"}
{"isOperational":true,"level":"error","status":"fail","statusCode":404,"timestamp":"2024-10-05T17:58:05.243Z"}
{"isOperational":true,"level":"error","status":"fail","statusCode":401,"timestamp":"2024-10-05T17:59:21.993Z"}
{"level":"info","message":"Connected to BBDD!","timestamp":"2024-10-05T18:00:22.583Z"}
{"level":"info","message":"The server is running on http://localhost:3005","timestamp":"2024-10-05T18:00:22.593Z"}
{"level":"info","message":"Connected to BBDD!","timestamp":"2024-10-05T18:02:40.344Z"}
{"level":"info","message":"The server is running on http://localhost:3005","timestamp":"2024-10-05T18:02:40.352Z"}
{"level":"info","message":"Connected to BBDD!","timestamp":"2024-10-05T18:06:42.580Z"}
{"level":"info","message":"The server is running on http://localhost:3005","timestamp":"2024-10-05T18:06:42.588Z"}
{"level":"info","message":"Connected to BBDD!","timestamp":"2024-10-05T18:14:01.138Z"}
{"level":"info","message":"The server is running on http://localhost:3005","timestamp":"2024-10-05T18:14:01.146Z"}
{"level":"info","message":"Connected to BBDD!","timestamp":"2024-10-05T18:14:44.955Z"}
{"level":"info","message":"The server is running on http://localhost:3005","timestamp":"2024-10-05T18:14:44.983Z"}
{"errors":[{"location":"body","msg":"Los investigadores deben ser una lista","path":"investigadores","type":"field"}],"isOperational":true,"level":"error","status":"fail","statusCode":400,"timestamp":"2024-10-05T18:16:55.688Z"}
{"level":"info","message":"Connected to BBDD!","timestamp":"2024-10-05T18:17:30.967Z"}
{"level":"info","message":"The server is running on http://localhost:3005","timestamp":"2024-10-05T18:17:30.983Z"}
{"level":"error","timestamp":"2024-10-05T18:17:42.620Z"}
{"level":"info","message":"Connected to BBDD!","timestamp":"2024-10-05T18:17:53.038Z"}
{"level":"info","message":"The server is running on http://localhost:3005","timestamp":"2024-10-05T18:17:53.048Z"}
{"errors":[{"location":"body","msg":"Los investigadores deben ser una lista","path":"investigadores","type":"field"}],"isOperational":true,"level":"error","status":"fail","statusCode":400,"timestamp":"2024-10-05T18:18:03.870Z"}
{"level":"info","message":"Connected to BBDD!","timestamp":"2024-10-05T18:22:16.399Z"}
{"level":"info","message":"The server is running on http://localhost:3005","timestamp":"2024-10-05T18:22:16.407Z"}
{"level":"info","message":"Connected to BBDD!","timestamp":"2024-10-05T18:23:05.813Z"}
{"level":"info","message":"The server is running on http://localhost:3005","timestamp":"2024-10-05T18:23:05.823Z"}
{"level":"info","message":"Connected to BBDD!","timestamp":"2024-10-05T18:23:16.297Z"}
{"level":"info","message":"The server is running on http://localhost:3005","timestamp":"2024-10-05T18:23:16.305Z"}
{"errors":[{"location":"body","msg":"El nombre del proyecto es requerido","path":"nombre","type":"field"}],"isOperational":true,"level":"error","status":"fail","statusCode":400,"timestamp":"2024-10-05T18:24:07.767Z"}
{"level":"info","message":"Connected to BBDD!","timestamp":"2024-10-05T18:31:33.204Z"}
{"level":"info","message":"The server is running on http://localhost:3005","timestamp":"2024-10-05T18:31:33.212Z"}
{"level":"info","message":"Connected to BBDD!","timestamp":"2024-10-05T18:32:04.258Z"}
{"level":"info","message":"The server is running on http://localhost:3005","timestamp":"2024-10-05T18:32:04.267Z"}
{"isOperational":true,"level":"error","status":"fail","statusCode":401,"timestamp":"2024-10-05T18:33:42.531Z"}
{"level":"info","message":"Connected to BBDD!","timestamp":"2024-10-05T19:18:04.255Z"}
{"level":"info","message":"The server is running on http://localhost:3005","timestamp":"2024-10-05T19:18:04.269Z"}
{"level":"info","message":"Connected to BBDD!","timestamp":"2024-10-05T19:18:08.217Z"}
{"level":"info","message":"The server is running on http://localhost:3005","timestamp":"2024-10-05T19:18:08.244Z"}
{"level":"info","message":"Connected to BBDD!","timestamp":"2024-10-05T19:18:21.397Z"}
{"level":"info","message":"The server is running on http://localhost:3005","timestamp":"2024-10-05T19:18:21.406Z"}
{"level":"info","message":"Connected to BBDD!","timestamp":"2024-10-05T19:18:39.126Z"}
{"level":"info","message":"The server is running on http://localhost:3005","timestamp":"2024-10-05T19:18:39.137Z"}
{"level":"info","message":"Connected to BBDD!","timestamp":"2024-10-05T19:19:13.267Z"}
{"level":"info","message":"The server is running on http://localhost:3005","timestamp":"2024-10-05T19:19:13.275Z"}
{"level":"info","message":"Connected to BBDD!","timestamp":"2024-10-05T19:25:29.100Z"}
{"level":"info","message":"The server is running on http://localhost:3005","timestamp":"2024-10-05T19:25:29.108Z"}
{"level":"info","message":"Connected to BBDD!","timestamp":"2024-10-05T19:28:23.479Z"}
{"level":"info","message":"The server is running on http://localhost:3005","timestamp":"2024-10-05T19:28:23.487Z"}
{"level":"info","message":"Connected to BBDD!","timestamp":"2024-10-05T19:28:52.270Z"}
{"level":"info","message":"The server is running on http://localhost:3005","timestamp":"2024-10-05T19:28:52.283Z"}
{"level":"info","message":"Connected to BBDD!","timestamp":"2024-10-05T19:32:54.381Z"}
{"level":"info","message":"The server is running on http://localhost:3005","timestamp":"2024-10-05T19:32:54.390Z"}
{"level":"info","message":"Connected to BBDD!","timestamp":"2024-10-05T19:33:17.519Z"}
{"level":"info","message":"The server is running on http://localhost:3005","timestamp":"2024-10-05T19:33:17.528Z"}
{"level":"info","message":"Connected to BBDD!","timestamp":"2024-10-05T19:34:46.132Z"}
{"level":"info","message":"The server is running on http://localhost:3005","timestamp":"2024-10-05T19:34:46.141Z"}
{"level":"info","message":"Connected to BBDD!","timestamp":"2024-10-05T19:35:23.216Z"}
{"level":"info","message":"The server is running on http://localhost:3005","timestamp":"2024-10-05T19:35:23.224Z"}
{"isOperational":true,"level":"error","status":"fail","statusCode":404,"timestamp":"2024-10-05T19:35:25.041Z"}
{"errors":[],"isOperational":true,"level":"error","status":"fail","statusCode":400,"timestamp":"2024-10-05T19:35:42.149Z"}
{"errors":[],"isOperational":true,"level":"error","status":"fail","statusCode":400,"timestamp":"2024-10-05T19:35:47.950Z"}
{"errors":[],"isOperational":true,"level":"error","status":"fail","statusCode":400,"timestamp":"2024-10-05T19:38:05.131Z"}
{"level":"info","message":"Connected to BBDD!","timestamp":"2024-10-05T19:39:38.309Z"}
{"level":"info","message":"The server is running on http://localhost:3005","timestamp":"2024-10-05T19:39:38.318Z"}
{"isOperational":true,"level":"error","status":"fail","statusCode":404,"timestamp":"2024-10-05T19:41:16.363Z"}
{"expiredAt":"2024-10-04T15:10:10.000Z","level":"error","message":"jwt expired","name":"TokenExpiredError","timestamp":"2024-10-05T19:42:53.254Z"}
{"level":"info","message":"Connected to BBDD!","timestamp":"2024-10-05T19:45:36.164Z"}
{"level":"info","message":"The server is running on http://localhost:3005","timestamp":"2024-10-05T19:45:36.172Z"}
