{"level":"error","message":"Error: Validation error\n    at createUser (file:///C:/Users/carlo/OneDrive/code/2024/NodeJS/Back-end-SISINVESTIGA-/controllers/userController.js:10:13)\n    at Layer.handle [as handle_request] (C:\\Users\\carlo\\OneDrive\\code\\2024\\NodeJS\\Back-end-SISINVESTIGA-\\node_modules\\express\\lib\\router\\layer.js:95:5)\n    at next (C:\\Users\\carlo\\OneDrive\\code\\2024\\NodeJS\\Back-end-SISINVESTIGA-\\node_modules\\express\\lib\\router\\route.js:149:13)\n    at middleware (C:\\Users\\carlo\\OneDrive\\code\\2024\\NodeJS\\Back-end-SISINVESTIGA-\\node_modules\\express-validator\\lib\\middlewares\\check.js:16:13)\n    at process.processTicksAndRejections (node:internal/process/task_queues:95:5)","timestamp":"2024-10-05T17:20:21.636Z"}
{"level":"error","message":"Error: Validation error\n    at createUser (file:///C:/Users/carlo/OneDrive/code/2024/NodeJS/Back-end-SISINVESTIGA-/controllers/userController.js:10:13)\n    at Layer.handle [as handle_request] (C:\\Users\\carlo\\OneDrive\\code\\2024\\NodeJS\\Back-end-SISINVESTIGA-\\node_modules\\express\\lib\\router\\layer.js:95:5)\n    at next (C:\\Users\\carlo\\OneDrive\\code\\2024\\NodeJS\\Back-end-SISINVESTIGA-\\node_modules\\express\\lib\\router\\route.js:149:13)\n    at middleware (C:\\Users\\carlo\\OneDrive\\code\\2024\\NodeJS\\Back-end-SISINVESTIGA-\\node_modules\\express-validator\\lib\\middlewares\\check.js:16:13)\n    at process.processTicksAndRejections (node:internal/process/task_queues:95:5)","timestamp":"2024-10-05T17:21:39.157Z"}
{"errors":["La contraseña debe tener al menos 8 caracteres","La contraseña debe contener al menos una letra mayúscula, una minúscula, un número y un carácter especial","Las responsabilidades deben ser un array"],"isOperational":true,"level":"error","status":"fail","statusCode":400,"timestamp":"2024-10-05T17:25:50.780Z"}
{"errors":["La contraseña debe tener al menos 8 caracteres","La contraseña debe contener al menos una letra mayúscula, una minúscula, un número y un carácter especial"],"isOperational":true,"level":"error","status":"fail","statusCode":400,"timestamp":"2024-10-05T17:26:04.176Z"}
{"errors":["La contraseña debe contener al menos una letra mayúscula, una minúscula, un número y un carácter especial"],"isOperational":true,"level":"error","status":"fail","statusCode":400,"timestamp":"2024-10-05T17:26:11.724Z"}
{"isOperational":true,"level":"error","status":"fail","statusCode":401,"timestamp":"2024-10-05T17:26:43.300Z"}
{"isOperational":true,"level":"error","status":"fail","statusCode":403,"timestamp":"2024-10-05T17:27:43.045Z"}
{"isOperational":true,"level":"error","status":"fail","statusCode":409,"timestamp":"2024-10-05T17:28:03.011Z"}
{"isOperational":true,"level":"error","status":"fail","statusCode":401,"timestamp":"2024-10-05T17:28:20.881Z"}
{"level":"error","message":"invalid signature","name":"JsonWebTokenError","timestamp":"2024-10-05T17:28:37.794Z"}
{"level":"error","message":"invalid signature","name":"JsonWebTokenError","timestamp":"2024-10-05T17:28:48.744Z"}
{"isOperational":true,"level":"error","status":"fail","statusCode":404,"timestamp":"2024-10-05T17:30:43.407Z"}
{"errors":[],"isOperational":true,"level":"error","status":"fail","statusCode":400,"timestamp":"2024-10-05T17:30:48.422Z"}
{"errors":[],"isOperational":true,"level":"error","status":"fail","statusCode":400,"timestamp":"2024-10-05T17:30:54.966Z"}
{"isOperational":true,"level":"error","status":"fail","statusCode":401,"timestamp":"2024-10-05T17:45:49.809Z"}
{"isOperational":true,"level":"error","status":"fail","statusCode":401,"timestamp":"2024-10-05T17:46:08.038Z"}
{"isOperational":true,"level":"error","status":"fail","statusCode":404,"timestamp":"2024-10-05T17:58:05.243Z"}
{"isOperational":true,"level":"error","status":"fail","statusCode":401,"timestamp":"2024-10-05T17:59:21.993Z"}
{"errors":[{"location":"body","msg":"Los investigadores deben ser una lista","path":"investigadores","type":"field"}],"isOperational":true,"level":"error","status":"fail","statusCode":400,"timestamp":"2024-10-05T18:16:55.688Z"}
{"level":"error","timestamp":"2024-10-05T18:17:42.620Z"}
{"errors":[{"location":"body","msg":"Los investigadores deben ser una lista","path":"investigadores","type":"field"}],"isOperational":true,"level":"error","status":"fail","statusCode":400,"timestamp":"2024-10-05T18:18:03.870Z"}
{"errors":[{"location":"body","msg":"El nombre del proyecto es requerido","path":"nombre","type":"field"}],"isOperational":true,"level":"error","status":"fail","statusCode":400,"timestamp":"2024-10-05T18:24:07.767Z"}
{"isOperational":true,"level":"error","status":"fail","statusCode":401,"timestamp":"2024-10-05T18:33:42.531Z"}
{"isOperational":true,"level":"error","status":"fail","statusCode":404,"timestamp":"2024-10-05T19:35:25.041Z"}
{"errors":[],"isOperational":true,"level":"error","status":"fail","statusCode":400,"timestamp":"2024-10-05T19:35:42.149Z"}
{"errors":[],"isOperational":true,"level":"error","status":"fail","statusCode":400,"timestamp":"2024-10-05T19:35:47.950Z"}
{"errors":[],"isOperational":true,"level":"error","status":"fail","statusCode":400,"timestamp":"2024-10-05T19:38:05.131Z"}
{"isOperational":true,"level":"error","status":"fail","statusCode":404,"timestamp":"2024-10-05T19:41:16.363Z"}
{"expiredAt":"2024-10-04T15:10:10.000Z","level":"error","message":"jwt expired","name":"TokenExpiredError","timestamp":"2024-10-05T19:42:53.254Z"}
